<?xml version="1.0" encoding="UTF-8"?>
<!-- Generated by org.testng.reporters.JUnitXMLReporter -->
<testsuite ignored="0" hostname="IL105642WIN" failures="0" tests="6" name="Default test" time="3.843" errors="0" timestamp="2021-08-29T14:08:53 IDT">
  <testcase classname="DynamicJson" name="addBook" time="1.799"/>
  <testcase classname="DynamicJson" name="addBook" time="0.434"/>
  <testcase classname="DynamicJson" name="addBook" time="0.405"/>
  <testcase classname="DynamicJson" name="deleteBook" time="0.404"/>
  <testcase classname="DynamicJson" name="deleteBook" time="0.384"/>
  <testcase classname="DynamicJson" name="deleteBook" time="0.387"/>
</testsuite> <!-- Default test -->
