<?xml version="1.0" encoding="UTF-8"?>
<testng-results ignored="0" total="6" passed="6" failed="0" skipped="0">
  <reporter-output>
  </reporter-output>
  <suite started-at="2021-08-29T14:08:49 IDT" name="Default suite" finished-at="2021-08-29T14:08:53 IDT" duration-ms="3843">
    <groups>
    </groups>
    <test started-at="2021-08-29T14:08:49 IDT" name="Default test" finished-at="2021-08-29T14:08:53 IDT" duration-ms="3843">
      <class name="DynamicJson">
        <test-method signature="addBook(java.lang.String,java.lang.String)[pri:0, instance:DynamicJson@355ce81c]" started-at="2021-08-29T14:08:49 IDT" name="addBook" data-provider="BooksData" finished-at="2021-08-29T14:08:51 IDT" duration-ms="1799" status="PASS">
          <params>
            <param index="0">
              <value>
                <![CDATA[ahst]]>
              </value>
            </param>
            <param index="1">
              <value>
                <![CDATA[6400]]>
              </value>
            </param>
          </params>
          <reporter-output>
          </reporter-output>
        </test-method> <!-- addBook -->
        <test-method signature="addBook(java.lang.String,java.lang.String)[pri:0, instance:DynamicJson@355ce81c]" started-at="2021-08-29T14:08:51 IDT" name="addBook" data-provider="BooksData" finished-at="2021-08-29T14:08:51 IDT" duration-ms="434" status="PASS">
          <params>
            <param index="0">
              <value>
                <![CDATA[ascad]]>
              </value>
            </param>
            <param index="1">
              <value>
                <![CDATA[5634]]>
              </value>
            </param>
          </params>
          <reporter-output>
          </reporter-output>
        </test-method> <!-- addBook -->
        <test-method signature="addBook(java.lang.String,java.lang.String)[pri:0, instance:DynamicJson@355ce81c]" started-at="2021-08-29T14:08:51 IDT" name="addBook" data-provider="BooksData" finished-at="2021-08-29T14:08:51 IDT" duration-ms="405" status="PASS">
          <params>
            <param index="0">
              <value>
                <![CDATA[asvfd]]>
              </value>
            </param>
            <param index="1">
              <value>
                <![CDATA[8934]]>
              </value>
            </param>
          </params>
          <reporter-output>
          </reporter-output>
        </test-method> <!-- addBook -->
        <test-method signature="deleteBook(java.lang.String,java.lang.String)[pri:0, instance:DynamicJson@355ce81c]" started-at="2021-08-29T14:08:51 IDT" name="deleteBook" data-provider="BooksData" finished-at="2021-08-29T14:08:52 IDT" duration-ms="404" status="PASS">
          <params>
            <param index="0">
              <value>
                <![CDATA[ahst]]>
              </value>
            </param>
            <param index="1">
              <value>
                <![CDATA[6400]]>
              </value>
            </param>
          </params>
          <reporter-output>
          </reporter-output>
        </test-method> <!-- deleteBook -->
        <test-method signature="deleteBook(java.lang.String,java.lang.String)[pri:0, instance:DynamicJson@355ce81c]" started-at="2021-08-29T14:08:52 IDT" name="deleteBook" data-provider="BooksData" finished-at="2021-08-29T14:08:52 IDT" duration-ms="384" status="PASS">
          <params>
            <param index="0">
              <value>
                <![CDATA[ascad]]>
              </value>
            </param>
            <param index="1">
              <value>
                <![CDATA[5634]]>
              </value>
            </param>
          </params>
          <reporter-output>
          </reporter-output>
        </test-method> <!-- deleteBook -->
        <test-method signature="deleteBook(java.lang.String,java.lang.String)[pri:0, instance:DynamicJson@355ce81c]" started-at="2021-08-29T14:08:52 IDT" name="deleteBook" data-provider="BooksData" finished-at="2021-08-29T14:08:53 IDT" duration-ms="387" status="PASS">
          <params>
            <param index="0">
              <value>
                <![CDATA[asvfd]]>
              </value>
            </param>
            <param index="1">
              <value>
                <![CDATA[8934]]>
              </value>
            </param>
          </params>
          <reporter-output>
          </reporter-output>
        </test-method> <!-- deleteBook -->
      </class> <!-- DynamicJson -->
    </test> <!-- Default test -->
  </suite> <!-- Default suite -->
</testng-results>
